<?xml version="1.0" encoding="UTF-8"?>
<!-- Generated by org.testng.reporters.JUnitReportReporter -->
<testsuite hostname="DESKTOP-L3BED2A" failures="0" tests="5" name="Link" time="15.511" errors="0" timestamp="2020-12-14T21:44:21 ICT" skipped="0">
  <testcase classname="Link" name="LinkFacebook" time="5.153"/>
  <system-out/>
  <testcase classname="Link" name="LinkYoutube" time="3.624"/>
  <system-out/>
  <testcase classname="Link" name="LinkMaiAm" time="2.256"/>
  <system-out/>
  <testcase classname="Link" name="LinkTgdd" time="2.250"/>
  <system-out/>
  <testcase classname="Link" name="LinkBachhoaXanh" time="2.228"/>
  <system-out/>
</testsuite> <!-- Link -->
