<?xml version="1.0" encoding="UTF-8"?>
<!-- Generated by org.testng.reporters.JUnitReportReporter -->
<testsuite hostname="DESKTOP-IRHMPCR" failures="0" tests="2" name="com.dienmayxanh.test.ViewListProducts" time="82.311" errors="0" timestamp="2020-12-18T11:37:36 ICT" skipped="0">
  <testcase classname="com.dienmayxanh.test.ViewListProducts" name="ViewList_SortPrice" time="52.384"/>
  <system-out/>
  <testcase classname="com.dienmayxanh.test.ViewListProducts" name="ViewList_Quantity" time="29.927"/>
  <system-out/>
</testsuite> <!-- com.dienmayxanh.test.ViewListProducts -->
