<?xml version="1.0" encoding="UTF-8"?>
<!-- Generated by org.testng.reporters.JUnitReportReporter -->
<testsuite hostname="SS4EVA-0805" failures="0" tests="1" name="Contact" time="235.163" errors="0" timestamp="2020-12-21T15:33:36 ICT" skipped="0">
  <testcase classname="Contact" name="testContact" time="235.163"/>
  <system-out/>
</testsuite> <!-- Contact -->
