<?xml version="1.0" encoding="UTF-8"?>
<!-- Generated by org.testng.reporters.JUnitReportReporter -->
<testsuite hostname="DESKTOP-IRHMPCR" failures="0" tests="6" name="com.dienmayxanh.testcases.Comment" time="8.128" errors="1" timestamp="2020-12-07T14:26:55 ICT" skipped="5">
  <testcase classname="com.dienmayxanh.testcases.Comment" name="beforeMethod" time="8.128">
    <error type="java.lang.NullPointerException">
      <![CDATA[java.lang.NullPointerException
at java.base/java.util.Objects.requireNonNull(Objects.java:222)
at org.openqa.selenium.support.ui.FluentWait.<init>(FluentWait.java:106)
at org.openqa.selenium.support.ui.WebDriverWait.<init>(WebDriverWait.java:85)
at org.openqa.selenium.support.ui.WebDriverWait.<init>(WebDriverWait.java:45)
at com.dienmayxanh.testcases.Comment.waitForElementClickable(Comment.java:247)
at com.dienmayxanh.testcases.Comment.goToSendCommentPage(Comment.java:163)
at com.dienmayxanh.testcases.Comment.beforeMethod(Comment.java:26)
at java.base/jdk.internal.reflect.NativeMethodAccessorImpl.invoke0(Native Method)
at java.base/jdk.internal.reflect.NativeMethodAccessorImpl.invoke(NativeMethodAccessorImpl.java:62)
at java.base/jdk.internal.reflect.DelegatingMethodAccessorImpl.invoke(DelegatingMethodAccessorImpl.java:43)
at java.base/java.lang.reflect.Method.invoke(Method.java:564)
at org.testng.internal.MethodInvocationHelper.invokeMethod(MethodInvocationHelper.java:132)
at org.testng.internal.MethodInvocationHelper.invokeMethodConsideringTimeout(MethodInvocationHelper.java:61)
at org.testng.internal.ConfigInvoker.invokeConfigurationMethod(ConfigInvoker.java:366)
at org.testng.internal.ConfigInvoker.invokeConfigurations(ConfigInvoker.java:320)
at org.testng.internal.TestInvoker.runConfigMethods(TestInvoker.java:701)
at org.testng.internal.TestInvoker.invokeMethod(TestInvoker.java:527)
at org.testng.internal.TestInvoker.invokeTestMethod(TestInvoker.java:174)
at org.testng.internal.MethodRunner.runInSequence(MethodRunner.java:46)
at org.testng.internal.TestInvoker$MethodInvocationAgent.invoke(TestInvoker.java:822)
at org.testng.internal.TestInvoker.invokeTestMethods(TestInvoker.java:147)
at org.testng.internal.TestMethodWorker.invokeTestMethods(TestMethodWorker.java:146)
at org.testng.internal.TestMethodWorker.run(TestMethodWorker.java:128)
at java.base/java.util.ArrayList.forEach(ArrayList.java:1511)
at org.testng.TestRunner.privateRun(TestRunner.java:764)
at org.testng.TestRunner.run(TestRunner.java:585)
at org.testng.SuiteRunner.runTest(SuiteRunner.java:384)
at org.testng.SuiteRunner.runSequentially(SuiteRunner.java:378)
at org.testng.SuiteRunner.privateRun(SuiteRunner.java:337)
at org.testng.SuiteRunner.run(SuiteRunner.java:286)
at org.testng.SuiteRunnerWorker.runSuite(SuiteRunnerWorker.java:53)
at org.testng.SuiteRunnerWorker.run(SuiteRunnerWorker.java:96)
at org.testng.TestNG.runSuitesSequentially(TestNG.java:1218)
at org.testng.TestNG.runSuitesLocally(TestNG.java:1140)
at org.testng.TestNG.runSuites(TestNG.java:1069)
at org.testng.TestNG.run(TestNG.java:1037)
at org.testng.remote.AbstractRemoteTestNG.run(AbstractRemoteTestNG.java:115)
at org.testng.remote.RemoteTestNG.initAndRun(RemoteTestNG.java:251)
at org.testng.remote.RemoteTestNG.main(RemoteTestNG.java:77)
]]>
    </error>
  </testcase> <!-- beforeMethod -->
  <system-out/>
  <testcase classname="com.dienmayxanh.testcases.Comment" name="testWithoutCommentContent" time="0.000">
    <skipped/>
  </testcase> <!-- testWithoutCommentContent -->
  <system-out/>
  <testcase classname="com.dienmayxanh.testcases.Comment" name="testOnlySpaceCommentContent" time="0.000">
    <skipped/>
  </testcase> <!-- testOnlySpaceCommentContent -->
  <system-out/>
  <testcase classname="com.dienmayxanh.testcases.Comment" name="testWithoutName" time="0.000">
    <skipped/>
  </testcase> <!-- testWithoutName -->
  <system-out/>
  <testcase classname="com.dienmayxanh.testcases.Comment" name="testOnlySpaceName" time="0.000">
    <skipped/>
  </testcase> <!-- testOnlySpaceName -->
  <system-out/>
  <testcase classname="com.dienmayxanh.testcases.Comment" name="testContentCommentIsLessThan10Characters" time="0.000">
    <skipped/>
  </testcase> <!-- testContentCommentIsLessThan10Characters -->
  <system-out/>
</testsuite> <!-- com.dienmayxanh.testcases.Comment -->
