<?xml version="1.0" encoding="UTF-8"?>
<!-- Generated by org.testng.reporters.JUnitReportReporter -->
<testsuite hostname="DESKTOP-IRHMPCR" failures="0" tests="2" name="com.dienmayxanh.test.Comment" time="164.893" errors="0" timestamp="2020-12-18T11:37:36 ICT" skipped="0">
  <testcase classname="com.dienmayxanh.test.Comment" name="CommentUnsuccessfullyWithError" time="119.321"/>
  <system-out/>
  <testcase classname="com.dienmayxanh.test.Comment" name="CommentUnsuccessfullyWithAlert" time="45.572"/>
  <system-out/>
</testsuite> <!-- com.dienmayxanh.test.Comment -->
