<?xml version="1.0" encoding="UTF-8"?>
<!-- Generated by org.testng.reporters.JUnitReportReporter -->
<testsuite hostname="DESKTOP-L3BED2A" failures="0" tests="1" name="testcase.LogIn" time="7.028" errors="0" timestamp="2020-12-15T19:20:16 ICT" skipped="0">
  <testcase classname="testcase.LogIn" name="testPhoneNumberWithSpecialCharacters" time="7.028"/>
  <system-out/>
</testsuite> <!-- testcase.LogIn -->
