<?xml version="1.0" encoding="UTF-8"?>
<!-- Generated by org.testng.reporters.JUnitReportReporter -->
<testsuite hostname="DESKTOP-L3BED2A" failures="0" tests="1" name="testcase.Link" time="19.289" errors="0" timestamp="2020-12-21T14:04:59 ICT" skipped="0">
  <testcase classname="testcase.Link" name="testLink" time="19.289"/>
  <system-out/>
</testsuite> <!-- testcase.Link -->
