<?xml version="1.0" encoding="UTF-8"?>
<!-- Generated by org.testng.reporters.JUnitReportReporter -->
<testsuite hostname="DESKTOP-IRHMPCR" failures="0" tests="2" name="com.dienmayxanh.test.ViewListProducts" time="47.858" errors="0" timestamp="2020-12-14T11:40:11 ICT" skipped="0">
  <testcase classname="com.dienmayxanh.test.ViewListProducts" name="testViewWithSortPriceDescending" time="21.931"/>
  <system-out/>
  <testcase classname="com.dienmayxanh.test.ViewListProducts" name="testViewWithSortPriceAscending" time="25.927"/>
  <system-out/>
</testsuite> <!-- com.dienmayxanh.test.ViewListProducts -->
