<?xml version="1.0" encoding="UTF-8"?>
<!-- Generated by org.testng.reporters.JUnitReportReporter -->
<testsuite hostname="dawn" failures="0" tests="7" name="Pages.DMXChooseReceivedPlace" time="172.699" errors="0" timestamp="2020-12-22T18:11:23 ICT" skipped="0">
  <testcase classname="Pages.DMXChooseReceivedPlace" name="testMainSFWithFullInfor" time="25.936"/>
  <system-out/>
  <testcase classname="Pages.DMXChooseReceivedPlace" name="testSuccessWithOnlyProvince" time="25.064"/>
  <system-out/>
  <testcase classname="Pages.DMXChooseReceivedPlace" name="testSuccessWithoutFillTextboxAddress" time="25.987"/>
  <system-out/>
  <testcase classname="Pages.DMXChooseReceivedPlace" name="testFailWithoutChooseWard" time="20.399"/>
  <system-out/>
  <testcase classname="Pages.DMXChooseReceivedPlace" name="testSuccessUpdateWithOnlyProvinceSubmitBefor" time="24.316"/>
  <system-out/>
  <testcase classname="Pages.DMXChooseReceivedPlace" name="testSuccessUpdateByClickOnButonChange" time="21.137"/>
  <system-out/>
  <testcase classname="Pages.DMXChooseReceivedPlace" name="testSuccessUpdateByClickOnDropBoxProvince" time="29.860"/>
  <system-out/>
</testsuite> <!-- Pages.DMXChooseReceivedPlace -->
