<?xml version="1.0" encoding="UTF-8"?>
<!-- Generated by org.testng.reporters.JUnitReportReporter -->
<testsuite hostname="DESKTOP-IRHMPCR" failures="0" tests="5" name="com.dienmayxanh.test.Comment" time="101.924" errors="0" timestamp="2020-12-14T21:17:23 ICT" skipped="0">
  <testcase classname="com.dienmayxanh.test.Comment" name="testWithoutCommentContent" time="17.448"/>
  <system-out/>
  <testcase classname="com.dienmayxanh.test.Comment" name="testOnlySpaceCommentContent" time="23.086"/>
  <system-out/>
  <testcase classname="com.dienmayxanh.test.Comment" name="testWithoutName" time="23.717"/>
  <system-out/>
  <testcase classname="com.dienmayxanh.test.Comment" name="testOnlySpaceName" time="16.314"/>
  <system-out/>
  <testcase classname="com.dienmayxanh.test.Comment" name="testContentCommentIsLessThan10Characters" time="21.359"/>
  <system-out/>
</testsuite> <!-- com.dienmayxanh.test.Comment -->
