<?xml version="1.0" encoding="UTF-8"?>
<!-- Generated by org.testng.reporters.JUnitReportReporter -->
<testsuite hostname="DESKTOP-IRHMPCR" failures="0" tests="1" name="com.dienmayxanh.test.Contact" time="75.770" errors="0" timestamp="2021-01-16T02:25:14 ICT" skipped="0">
  <testcase classname="com.dienmayxanh.test.Contact" name="testContact" time="75.770"/>
  <system-out/>
</testsuite> <!-- com.dienmayxanh.test.Contact -->
