<?xml version="1.0" encoding="UTF-8"?>
<!-- Generated by org.testng.reporters.JUnitReportReporter -->
<testsuite hostname="DESKTOP-IRHMPCR" failures="0" tests="5" name="Comment" time="129.517" errors="0" timestamp="2020-11-24T18:23:56 ICT" skipped="0">
  <testcase classname="Comment" name="testWithoutCommentContent" time="25.749"/>
  <system-out/>
  <testcase classname="Comment" name="testOnlySpaceCommentContent" time="28.101"/>
  <system-out/>
  <testcase classname="Comment" name="testWithoutName" time="25.054"/>
  <system-out/>
  <testcase classname="Comment" name="testOnlySpaceName" time="28.022"/>
  <system-out/>
  <testcase classname="Comment" name="testContentCommentIsLessThan10Characters" time="22.591"/>
  <system-out/>
</testsuite> <!-- Comment -->
