<?xml version="1.0" encoding="UTF-8"?>
<!-- Generated by org.testng.reporters.JUnitReportReporter -->
<testsuite hostname="dawn" failures="0" tests="7" name="TestCases.ChooseReceivedPlace" time="78.321" errors="0" timestamp="2020-12-12T23:36:02 ICT" skipped="0">
  <testcase classname="TestCases.ChooseReceivedPlace" name="mainSFWithFullInfor" time="10.217"/>
  <system-out/>
  <testcase classname="TestCases.ChooseReceivedPlace" name="successWithOnlyProvince" time="9.912"/>
  <system-out/>
  <testcase classname="TestCases.ChooseReceivedPlace" name="successWithoutFillTextboxAddress" time="11.170"/>
  <system-out/>
  <testcase classname="TestCases.ChooseReceivedPlace" name="failWithoutChooseWard" time="8.469"/>
  <system-out/>
  <testcase classname="TestCases.ChooseReceivedPlace" name="successUpdateWithOnlyProvinceSubmitBefor" time="12.381"/>
  <system-out/>
  <testcase classname="TestCases.ChooseReceivedPlace" name="successUpdateByClickOnButonChange" time="13.628"/>
  <system-out/>
  <testcase classname="TestCases.ChooseReceivedPlace" name="successUpdateByClickOnDropBoxProvince" time="12.544"/>
  <system-out/>
</testsuite> <!-- TestCases.ChooseReceivedPlace -->
