<?xml version="1.0" encoding="UTF-8"?>
<!-- Generated by org.testng.reporters.JUnitReportReporter -->
<testsuite hostname="DESKTOP-IRHMPCR" failures="0" tests="4" name="com.dienmayxanh.test.ViewListProducts" time="128.342" errors="0" timestamp="2021-01-16T03:53:20 ICT" skipped="0">
  <testcase classname="com.dienmayxanh.test.ViewListProducts" name="testShowAllProduct" time="23.857"/>
  <system-out/>
  <testcase classname="com.dienmayxanh.test.ViewListProducts" name="testShowAllProductOfBrand" time="25.930"/>
  <system-out/>
  <testcase classname="com.dienmayxanh.test.ViewListProducts" name="ViewList_SortPrice" time="50.524"/>
  <system-out/>
  <testcase classname="com.dienmayxanh.test.ViewListProducts" name="ViewList_Quantity" time="28.031"/>
  <system-out/>
</testsuite> <!-- com.dienmayxanh.test.ViewListProducts -->
