<?xml version="1.0" encoding="UTF-8"?>
<!-- Generated by org.testng.reporters.JUnitReportReporter -->
<testsuite hostname="SS4EVA-0805" failures="0" tests="9" name="Contact" time="156.103" errors="0" timestamp="2020-12-15T19:01:22 ICT" skipped="0">
  <testcase classname="Contact" name="testFailWithoutNumberPhone" time="16.012"/>
  <system-out/>
  <testcase classname="Contact" name="testContactSusseccful" time="13.435"/>
  <system-out/>
  <testcase classname="Contact" name="testSpecialCharacterNumberPhone" time="24.236"/>
  <system-out/>
  <testcase classname="Contact" name="testEnterCaptainEmail" time="15.053"/>
  <system-out/>
  <testcase classname="Contact" name="testWrongMail" time="20.972"/>
  <system-out/>
  <testcase classname="Contact" name="testWrongNumberPhone" time="18.322"/>
  <system-out/>
  <testcase classname="Contact" name="testDoNotChooseGentle" time="17.136"/>
  <system-out/>
  <testcase classname="Contact" name="testDoNotEnterName" time="15.459"/>
  <system-out/>
  <testcase classname="Contact" name="testSpecialCharacterMail" time="15.478"/>
  <system-out/>
</testsuite> <!-- Contact -->
