<?xml version="1.0" encoding="UTF-8"?>
<!-- Generated by org.testng.reporters.JUnitReportReporter -->
<testsuite hostname="DESKTOP-IRHMPCR" failures="0" tests="7" name="com.dienmayxanh.test.ChooseReceivedPlace" time="204.211" errors="0" timestamp="2021-01-16T01:31:51 ICT" skipped="0">
  <testcase classname="com.dienmayxanh.test.ChooseReceivedPlace" name="testMainSFWithFullInfor" time="23.383"/>
  <system-out/>
  <testcase classname="com.dienmayxanh.test.ChooseReceivedPlace" name="testSuccessWithOnlyProvince" time="26.750"/>
  <system-out/>
  <testcase classname="com.dienmayxanh.test.ChooseReceivedPlace" name="testSuccessWithoutFillTextboxAddress" time="26.323"/>
  <system-out/>
  <testcase classname="com.dienmayxanh.test.ChooseReceivedPlace" name="testFailWithoutChooseWard" time="23.028"/>
  <system-out/>
  <testcase classname="com.dienmayxanh.test.ChooseReceivedPlace" name="testSuccessUpdateWithOnlyProvinceSubmitBefor" time="36.815"/>
  <system-out/>
  <testcase classname="com.dienmayxanh.test.ChooseReceivedPlace" name="testSuccessUpdateByClickOnButonChange" time="36.549"/>
  <system-out/>
  <testcase classname="com.dienmayxanh.test.ChooseReceivedPlace" name="testSuccessUpdateByClickOnDropBoxProvince" time="31.363"/>
  <system-out/>
</testsuite> <!-- com.dienmayxanh.test.ChooseReceivedPlace -->
