<?xml version="1.0" encoding="UTF-8"?>
<!-- Generated by org.testng.reporters.JUnitReportReporter -->
<testsuite hostname="dawn" failures="0" tests="1" name="TestCases.ViewProductThroughList" time="26.818" errors="0" timestamp="2020-12-25T15:28:17 ICT" skipped="0">
  <testcase classname="TestCases.ViewProductThroughList" name="testSuccessViewProductByList" time="26.818"/>
  <system-out/>
</testsuite> <!-- TestCases.ViewProductThroughList -->
