<?xml version="1.0" encoding="UTF-8"?>
<!-- Generated by org.testng.reporters.JUnitReportReporter -->
<testsuite hostname="SS4EVA-0805" failures="0" tests="1" name="Contact" time="85.773" errors="0" timestamp="2021-01-14T13:09:13 ICT" skipped="0">
  <testcase classname="Contact" name="testContact" time="85.773"/>
  <system-out/>
</testsuite> <!-- Contact -->
