<?xml version="1.0" encoding="UTF-8"?>
<!-- Generated by org.testng.reporters.JUnitReportReporter -->
<testsuite hostname="DESKTOP-IRHMPCR" failures="0" tests="5" name="ViewListProducts" time="130.745" errors="0" timestamp="2020-11-24T18:27:39 ICT" skipped="0">
  <testcase classname="ViewListProducts" name="ShowAllProduct" time="19.602"/>
  <system-out/>
  <testcase classname="ViewListProducts" name="ShowAllProductOfBrand" time="18.723"/>
  <system-out/>
  <testcase classname="ViewListProducts" name="testViewWithSortPriceDescending" time="17.085"/>
  <system-out/>
  <testcase classname="ViewListProducts" name="testViewWithSortPriceAscending" time="43.135"/>
  <system-out/>
  <testcase classname="ViewListProducts" name="testQuantity" time="32.200"/>
  <system-out/>
</testsuite> <!-- ViewListProducts -->
