<?xml version="1.0" encoding="UTF-8"?>
<!-- Generated by org.testng.reporters.JUnitReportReporter -->
<testsuite hostname="DESKTOP-IRHMPCR" failures="0" tests="1" name="com.dienmayxanh.test.ViewProductThroughList" time="24.023" errors="0" timestamp="2021-01-16T03:53:20 ICT" skipped="0">
  <testcase classname="com.dienmayxanh.test.ViewProductThroughList" name="testSuccessViewProductByList" time="24.023"/>
  <system-out/>
</testsuite> <!-- com.dienmayxanh.test.ViewProductThroughList -->
