<?xml version="1.0" encoding="UTF-8"?>
<!-- Generated by org.testng.reporters.JUnitReportReporter -->
<testsuite hostname="SS4EVA-0805" failures="0" tests="2" name="ViewListProducts" time="30.242" errors="0" timestamp="2020-12-20T22:36:01 ICT" skipped="0">
  <testcase classname="ViewListProducts" name="ViewList_ShowAll" time="13.168"/>
  <system-out/>
  <testcase classname="ViewListProducts" name="ViewList_ShowAllProductOfBrand" time="17.074"/>
  <system-out/>
</testsuite> <!-- ViewListProducts -->
