<?xml version="1.0" encoding="UTF-8"?>
<!-- Generated by org.testng.reporters.JUnitReportReporter -->
<testsuite hostname="DESKTOP-IRHMPCR" failures="0" tests="7" name="com.dienmayxanh.test.ChooseReceivedPlace" time="106.027" errors="0" timestamp="2021-01-16T01:10:18 ICT" skipped="0">
  <testcase classname="com.dienmayxanh.test.ChooseReceivedPlace" name="testMainSFWithFullInfor" time="11.487"/>
  <system-out/>
  <testcase classname="com.dienmayxanh.test.ChooseReceivedPlace" name="testSuccessWithOnlyProvince" time="11.109"/>
  <system-out/>
  <testcase classname="com.dienmayxanh.test.ChooseReceivedPlace" name="testSuccessWithoutFillTextboxAddress" time="12.817"/>
  <system-out/>
  <testcase classname="com.dienmayxanh.test.ChooseReceivedPlace" name="testFailWithoutChooseWard" time="10.902"/>
  <system-out/>
  <testcase classname="com.dienmayxanh.test.ChooseReceivedPlace" name="testSuccessUpdateWithOnlyProvinceSubmitBefor" time="13.928"/>
  <system-out/>
  <testcase classname="com.dienmayxanh.test.ChooseReceivedPlace" name="testSuccessUpdateByClickOnButonChange" time="15.293"/>
  <system-out/>
  <testcase classname="com.dienmayxanh.test.ChooseReceivedPlace" name="testSuccessUpdateByClickOnDropBoxProvince" time="30.491"/>
  <system-out/>
</testsuite> <!-- com.dienmayxanh.test.ChooseReceivedPlace -->
