<?xml version="1.0" encoding="UTF-8"?>
<!-- Generated by org.testng.reporters.JUnitReportReporter -->
<testsuite hostname="DESKTOP-IRHMPCR" failures="0" tests="4" name="com.dienmayxanh.test.ViewListProducts" time="119.797" errors="0" timestamp="2021-01-16T03:14:31 ICT" skipped="0">
  <testcase classname="com.dienmayxanh.test.ViewListProducts" name="testShowAllProduct" time="21.701"/>
  <system-out/>
  <testcase classname="com.dienmayxanh.test.ViewListProducts" name="testShowAllProductOfBrand" time="24.663"/>
  <system-out/>
  <testcase classname="com.dienmayxanh.test.ViewListProducts" name="ViewList_SortPrice" time="47.419"/>
  <system-out/>
  <testcase classname="com.dienmayxanh.test.ViewListProducts" name="ViewList_Quantity" time="26.014"/>
  <system-out/>
</testsuite> <!-- com.dienmayxanh.test.ViewListProducts -->
