<?xml version="1.0" encoding="UTF-8"?>
<!-- Generated by org.testng.reporters.JUnitReportReporter -->
<testsuite hostname="DESKTOP-IRHMPCR" failures="0" tests="2" name="com.dienmayxanh.test.Comment" time="152.399" errors="0" timestamp="2020-12-18T10:16:12 ICT" skipped="0">
  <testcase classname="com.dienmayxanh.test.Comment" name="CommentUnsuccessfullyWithError" time="58.186"/>
  <system-out/>
  <testcase classname="com.dienmayxanh.test.Comment" name="CommentUnsuccessfullyWithAlert" time="94.213"/>
  <system-out/>
</testsuite> <!-- com.dienmayxanh.test.Comment -->
