<?xml version="1.0" encoding="UTF-8"?>
<!-- Generated by org.testng.reporters.JUnitReportReporter -->
<testsuite hostname="dawn" failures="0" tests="1" name="TestCases.ViewProductThroughList" time="13.949" errors="0" timestamp="2020-12-20T13:13:56 ICT" skipped="0">
  <testcase classname="TestCases.ViewProductThroughList" name="testSuccessViewProductByList" time="13.949"/>
  <system-out/>
</testsuite> <!-- TestCases.ViewProductThroughList -->
