<?xml version="1.0" encoding="UTF-8"?>
<!-- Generated by org.testng.reporters.JUnitReportReporter -->
<testsuite hostname="DESKTOP-IRHMPCR" failures="0" tests="5" name="com.dienmayxanh.testcases.ViewListProducts" time="97.906" errors="0" timestamp="2020-12-06T19:03:13 ICT" skipped="0">
  <testcase classname="com.dienmayxanh.testcases.ViewListProducts" name="ShowAllProduct" time="11.277"/>
  <system-out/>
  <testcase classname="com.dienmayxanh.testcases.ViewListProducts" name="ShowAllProductOfBrand" time="9.912"/>
  <system-out/>
  <testcase classname="com.dienmayxanh.testcases.ViewListProducts" name="testViewWithSortPriceDescending" time="26.267"/>
  <system-out/>
  <testcase classname="com.dienmayxanh.testcases.ViewListProducts" name="testViewWithSortPriceAscending" time="28.966"/>
  <system-out/>
  <testcase classname="com.dienmayxanh.testcases.ViewListProducts" name="testQuantity" time="21.484"/>
  <system-out/>
</testsuite> <!-- com.dienmayxanh.testcases.ViewListProducts -->
