<?xml version="1.0" encoding="UTF-8"?>
<!-- Generated by org.testng.reporters.JUnitReportReporter -->
<testsuite hostname="dawn" failures="0" tests="1" name="TestCases.ViewProductThroughList" time="16.283" errors="0" timestamp="2021-01-14T13:54:48 ICT" skipped="0">
  <testcase classname="TestCases.ViewProductThroughList" name="testSuccessViewProductByList" time="16.283"/>
  <system-out/>
</testsuite> <!-- TestCases.ViewProductThroughList -->
