<?xml version="1.0" encoding="UTF-8"?>
<!-- Generated by org.testng.reporters.JUnitReportReporter -->
<testsuite hostname="dawn" failures="0" tests="7" name="TestCases.ChooseReceivedPlace" time="83.501" errors="0" timestamp="2020-12-14T22:52:38 ICT" skipped="0">
  <testcase classname="TestCases.ChooseReceivedPlace" name="testMainSFWithFullInfor" time="9.545"/>
  <system-out/>
  <testcase classname="TestCases.ChooseReceivedPlace" name="testSuccessWithOnlyProvince" time="8.741"/>
  <system-out/>
  <testcase classname="TestCases.ChooseReceivedPlace" name="testSuccessWithoutFillTextboxAddress" time="11.085"/>
  <system-out/>
  <testcase classname="TestCases.ChooseReceivedPlace" name="testFailWithoutChooseWard" time="9.663"/>
  <system-out/>
  <testcase classname="TestCases.ChooseReceivedPlace" name="testSuccessUpdateWithOnlyProvinceSubmitBefor" time="13.827"/>
  <system-out/>
  <testcase classname="TestCases.ChooseReceivedPlace" name="testSuccessUpdateByClickOnButonChange" time="15.950"/>
  <system-out/>
  <testcase classname="TestCases.ChooseReceivedPlace" name="testSuccessUpdateByClickOnDropBoxProvince" time="14.690"/>
  <system-out/>
</testsuite> <!-- TestCases.ChooseReceivedPlace -->
