<?xml version="1.0" encoding="UTF-8"?>
<!-- Generated by org.testng.reporters.JUnitReportReporter -->
<testsuite hostname="DESKTOP-IRHMPCR" failures="0" tests="5" name="com.dienmayxanh.testcases.Link" time="12.257" errors="0" timestamp="2020-12-06T19:03:13 ICT" skipped="0">
  <testcase classname="com.dienmayxanh.testcases.Link" name="LinkFacebook" time="3.419"/>
  <system-out/>
  <testcase classname="com.dienmayxanh.testcases.Link" name="LinkYoutube" time="2.395"/>
  <system-out/>
  <testcase classname="com.dienmayxanh.testcases.Link" name="LinkMaiAm" time="2.150"/>
  <system-out/>
  <testcase classname="com.dienmayxanh.testcases.Link" name="LinkTgdd" time="2.151"/>
  <system-out/>
  <testcase classname="com.dienmayxanh.testcases.Link" name="LinkBachhoaXanh" time="2.142"/>
  <system-out/>
</testsuite> <!-- com.dienmayxanh.testcases.Link -->
