<?xml version="1.0" encoding="UTF-8"?>
<!-- Generated by org.testng.reporters.JUnitReportReporter -->
<testsuite hostname="DESKTOP-IRHMPCR" failures="0" tests="2" name="com.dienmayxanh.test.Comment" time="69.256" errors="0" timestamp="2021-01-16T03:53:20 ICT" skipped="0">
  <testcase classname="com.dienmayxanh.test.Comment" name="CommentUnsuccessfullyWithError" time="25.268"/>
  <system-out/>
  <testcase classname="com.dienmayxanh.test.Comment" name="CommentUnsuccessfullyWithAlert" time="43.988"/>
  <system-out/>
</testsuite> <!-- com.dienmayxanh.test.Comment -->
