<?xml version="1.0" encoding="UTF-8"?>
<!-- Generated by org.testng.reporters.JUnitReportReporter -->
<testsuite hostname="DESKTOP-IRHMPCR" failures="0" tests="2" name="com.dienmayxanh.test.ViewListProducts" time="135.804" errors="0" timestamp="2020-12-25T10:55:18 ICT" skipped="0">
  <testcase classname="com.dienmayxanh.test.ViewListProducts" name="ViewList_SortPrice" time="69.979"/>
  <system-out/>
  <testcase classname="com.dienmayxanh.test.ViewListProducts" name="ViewList_Quantity" time="65.825"/>
  <system-out/>
</testsuite> <!-- com.dienmayxanh.test.ViewListProducts -->
