<?xml version="1.0" encoding="UTF-8"?>
<!-- Generated by org.testng.reporters.JUnitReportReporter -->
<testsuite hostname="DESKTOP-IRHMPCR" failures="0" tests="5" name="Link" time="41.209" errors="0" timestamp="2020-11-24T18:35:57 ICT" skipped="0">
  <testcase classname="Link" name="LinkFacebook" time="17.875"/>
  <system-out/>
  <testcase classname="Link" name="LinkYoutube" time="10.500"/>
  <system-out/>
  <testcase classname="Link" name="LinkMaiAm" time="2.942"/>
  <system-out/>
  <testcase classname="Link" name="LinkTgdd" time="4.979"/>
  <system-out/>
  <testcase classname="Link" name="LinkBachhoaXanh" time="4.913"/>
  <system-out/>
</testsuite> <!-- Link -->
