<?xml version="1.0" encoding="UTF-8"?>
<!-- Generated by org.testng.reporters.JUnitReportReporter -->
<testsuite hostname="SS4EVA-0805" failures="0" tests="9" name="Contact" time="69.315" errors="0" timestamp="2020-12-13T22:47:05 ICT" skipped="0">
  <testcase classname="Contact" name="Lienhethanhcong" time="8.397"/>
  <system-out/>
  <testcase classname="Contact" name="SaiTruongSDT" time="7.397"/>
  <system-out/>
  <testcase classname="Contact" name="NhapchuhoavaotruognEmail" time="8.466"/>
  <system-out/>
  <testcase classname="Contact" name="Chuachongioitinh" time="7.216"/>
  <system-out/>
  <testcase classname="Contact" name="BotrongtruongHvT" time="7.421"/>
  <system-out/>
  <testcase classname="Contact" name="SDTkhonghople" time="7.756"/>
  <system-out/>
  <testcase classname="Contact" name="NhapEmailkhonghople" time="7.708"/>
  <system-out/>
  <testcase classname="Contact" name="NhapkytudacbiettruongSDT" time="7.672"/>
  <system-out/>
  <testcase classname="Contact" name="NhapkytudacbietvaotruongEmail" time="7.282"/>
  <system-out/>
</testsuite> <!-- Contact -->
