<?xml version="1.0" encoding="UTF-8"?>
<!-- Generated by org.testng.reporters.JUnitReportReporter -->
<testsuite hostname="DESKTOP-IRHMPCR" failures="0" tests="7" name="com.dienmayxanh.test.ChooseReceivedPlace" time="141.343" errors="0" timestamp="2021-01-16T03:59:28 ICT" skipped="0">
  <testcase classname="com.dienmayxanh.test.ChooseReceivedPlace" name="testMainSFWithFullInfor" time="16.976"/>
  <system-out/>
  <testcase classname="com.dienmayxanh.test.ChooseReceivedPlace" name="testSuccessWithOnlyProvince" time="18.426"/>
  <system-out/>
  <testcase classname="com.dienmayxanh.test.ChooseReceivedPlace" name="testSuccessWithoutFillTextboxAddress" time="18.558"/>
  <system-out/>
  <testcase classname="com.dienmayxanh.test.ChooseReceivedPlace" name="testFailWithoutChooseWard" time="16.458"/>
  <system-out/>
  <testcase classname="com.dienmayxanh.test.ChooseReceivedPlace" name="testSuccessUpdateWithOnlyProvinceSubmitBefor" time="26.594"/>
  <system-out/>
  <testcase classname="com.dienmayxanh.test.ChooseReceivedPlace" name="testSuccessUpdateByClickOnButonChange" time="20.283"/>
  <system-out/>
  <testcase classname="com.dienmayxanh.test.ChooseReceivedPlace" name="testSuccessUpdateByClickOnDropBoxProvince" time="24.048"/>
  <system-out/>
</testsuite> <!-- com.dienmayxanh.test.ChooseReceivedPlace -->
