<?xml version="1.0" encoding="UTF-8"?>
<!-- Generated by org.testng.reporters.JUnitReportReporter -->
<testsuite hostname="DESKTOP-IRHMPCR" failures="0" tests="5" name="com.dienmayxanh.test.Comment" time="129.810" errors="0" timestamp="2020-12-14T12:03:34 ICT" skipped="0">
  <testcase classname="com.dienmayxanh.test.Comment" name="testWithoutCommentContent" time="66.518"/>
  <system-out/>
  <testcase classname="com.dienmayxanh.test.Comment" name="testOnlySpaceCommentContent" time="16.142"/>
  <system-out/>
  <testcase classname="com.dienmayxanh.test.Comment" name="testWithoutName" time="15.024"/>
  <system-out/>
  <testcase classname="com.dienmayxanh.test.Comment" name="testOnlySpaceName" time="15.777"/>
  <system-out/>
  <testcase classname="com.dienmayxanh.test.Comment" name="testContentCommentIsLessThan10Characters" time="16.349"/>
  <system-out/>
</testsuite> <!-- com.dienmayxanh.test.Comment -->
