<?xml version="1.0" encoding="UTF-8"?>
<!-- Generated by org.testng.reporters.JUnitReportReporter -->
<testsuite hostname="dawn" failures="0" tests="4" name="com.dienmayxanh.test.LogIn" time="84.652" errors="0" timestamp="2021-01-16T02:05:19 ICT" skipped="0">
  <testcase classname="com.dienmayxanh.test.LogIn" name="testLoginWithWrongFormatPhoneNumber" time="14.098"/>
  <system-out/>
  <testcase classname="com.dienmayxanh.test.LogIn" name="testLoginWithWrongOTP" time="19.657"/>
  <system-out/>
  <testcase classname="com.dienmayxanh.test.LogIn" name="testNoticeOfResendingOTP" time="43.873"/>
  <system-out/>
  <testcase classname="com.dienmayxanh.test.LogIn" name="testTitle" time="7.024"/>
  <system-out/>
</testsuite> <!-- com.dienmayxanh.test.LogIn -->
