<?xml version="1.0" encoding="UTF-8"?>
<!-- Generated by org.testng.reporters.JUnitReportReporter -->
<testsuite hostname="dawn" failures="0" tests="7" name="chooserp" time="120.262" errors="0" timestamp="2020-12-07T18:10:24 ICT" skipped="0">
  <testcase classname="chooserp" name="mainSFWithFullInfor" time="13.572"/>
  <system-out/>
  <testcase classname="chooserp" name="successWithOnlyProvince" time="18.103"/>
  <system-out/>
  <testcase classname="chooserp" name="successWithoutFillTextboxAddress" time="17.348"/>
  <system-out/>
  <testcase classname="chooserp" name="failWithoutChooseWard" time="12.516"/>
  <system-out/>
  <testcase classname="chooserp" name="successUpdateWithOnlyProvinceSubmitBefor" time="19.932"/>
  <system-out/>
  <testcase classname="chooserp" name="successUpdateByClickOnButonChange" time="19.421"/>
  <system-out/>
  <testcase classname="chooserp" name="successUpdateByClickOnDropBoxProvince" time="19.370"/>
  <system-out/>
</testsuite> <!-- chooserp -->
