<?xml version="1.0" encoding="UTF-8"?>
<!-- Generated by org.testng.reporters.JUnitReportReporter -->
<testsuite hostname="dawn" failures="0" tests="7" name="TestCases.ChooseReceivedPlace" time="137.607" errors="0" timestamp="2021-01-14T13:54:48 ICT" skipped="0">
  <testcase classname="TestCases.ChooseReceivedPlace" name="testMainSFWithFullInfor" time="18.332"/>
  <system-out/>
  <testcase classname="TestCases.ChooseReceivedPlace" name="testSuccessWithOnlyProvince" time="16.113"/>
  <system-out/>
  <testcase classname="TestCases.ChooseReceivedPlace" name="testSuccessWithoutFillTextboxAddress" time="18.064"/>
  <system-out/>
  <testcase classname="TestCases.ChooseReceivedPlace" name="testFailWithoutChooseWard" time="13.963"/>
  <system-out/>
  <testcase classname="TestCases.ChooseReceivedPlace" name="testSuccessUpdateWithOnlyProvinceSubmitBefor" time="25.108"/>
  <system-out/>
  <testcase classname="TestCases.ChooseReceivedPlace" name="testSuccessUpdateByClickOnButonChange" time="19.815"/>
  <system-out/>
  <testcase classname="TestCases.ChooseReceivedPlace" name="testSuccessUpdateByClickOnDropBoxProvince" time="26.212"/>
  <system-out/>
</testsuite> <!-- TestCases.ChooseReceivedPlace -->
