<?xml version="1.0" encoding="UTF-8"?>
<!-- Generated by org.testng.reporters.JUnitReportReporter -->
<testsuite hostname="DESKTOP-IRHMPCR" failures="0" tests="5" name="NewTest" time="127.394" errors="0" timestamp="2020-11-13T19:08:35 ICT" skipped="0">
  <testcase classname="NewTest" name="testOnlySpaceName" time="25.069"/>
  <system-out/>
  <testcase classname="NewTest" name="testContentCommentIsLessThan10Characters" time="22.526"/>
  <system-out/>
  <testcase classname="NewTest" name="testOnlySpaceCommentContent" time="27.448"/>
  <system-out/>
  <testcase classname="NewTest" name="testWithoutCommentContent" time="24.449"/>
  <system-out/>
  <testcase classname="NewTest" name="testWithoutName" time="27.902"/>
  <system-out/>
</testsuite> <!-- NewTest -->
