<?xml version="1.0" encoding="UTF-8"?>
<!-- Generated by org.testng.reporters.JUnitReportReporter -->
<testsuite hostname="DESKTOP-L3BED2A" failures="0" tests="4" name="testcase.LogIn" time="75.702" errors="0" timestamp="2020-12-21T13:34:50 ICT" skipped="0">
  <testcase classname="testcase.LogIn" name="testLoginWithWrongFormatPhoneNumber" time="12.014"/>
  <system-out/>
  <testcase classname="testcase.LogIn" name="testLoginWithWrongOTP" time="17.157"/>
  <system-out/>
  <testcase classname="testcase.LogIn" name="testNoticeOfResendingOTP" time="41.024"/>
  <system-out/>
  <testcase classname="testcase.LogIn" name="testTitle" time="5.507"/>
  <system-out/>
</testsuite> <!-- testcase.LogIn -->
