<?xml version="1.0" encoding="UTF-8"?>
<!-- Generated by org.testng.reporters.JUnitReportReporter -->
<testsuite hostname="DESKTOP-IRHMPCR" failures="0" tests="5" name="com.dienmayxanh.testcases.Comment" time="100.917" errors="0" timestamp="2020-12-06T19:03:13 ICT" skipped="0">
  <testcase classname="com.dienmayxanh.testcases.Comment" name="testWithoutCommentContent" time="19.605"/>
  <system-out/>
  <testcase classname="com.dienmayxanh.testcases.Comment" name="testOnlySpaceCommentContent" time="20.062"/>
  <system-out/>
  <testcase classname="com.dienmayxanh.testcases.Comment" name="testWithoutName" time="19.489"/>
  <system-out/>
  <testcase classname="com.dienmayxanh.testcases.Comment" name="testOnlySpaceName" time="19.651"/>
  <system-out/>
  <testcase classname="com.dienmayxanh.testcases.Comment" name="testContentCommentIsLessThan10Characters" time="22.110"/>
  <system-out/>
</testsuite> <!-- com.dienmayxanh.testcases.Comment -->
