<?xml version="1.0" encoding="UTF-8"?>
<!-- Generated by org.testng.reporters.JUnitReportReporter -->
<testsuite hostname="DESKTOP-IRHMPCR" failures="0" tests="9" name="Contact" time="123.359" errors="0" timestamp="2020-11-24T18:39:19 ICT" skipped="0">
  <testcase classname="Contact" name="Chuachongioitinh" time="14.295"/>
  <system-out/>
  <testcase classname="Contact" name="NhapEmailkhonghople" time="12.124"/>
  <system-out/>
  <testcase classname="Contact" name="NhapchuhoavaotruognEmail" time="15.539"/>
  <system-out/>
  <testcase classname="Contact" name="BotrongtruongHvT" time="13.582"/>
  <system-out/>
  <testcase classname="Contact" name="SaiTruongSDT" time="15.734"/>
  <system-out/>
  <testcase classname="Contact" name="NhapkytudacbietvaotruongEmail" time="12.737"/>
  <system-out/>
  <testcase classname="Contact" name="Lienhethanhcong" time="15.713"/>
  <system-out/>
  <testcase classname="Contact" name="SDTkhonghople" time="15.104"/>
  <system-out/>
  <testcase classname="Contact" name="NhapkytudacbiettruongSDT" time="8.531"/>
  <system-out/>
</testsuite> <!-- Contact -->
