<?xml version="1.0" encoding="UTF-8"?>
<!-- Generated by org.testng.reporters.JUnitReportReporter -->
<testsuite hostname="SS4EVA-0805" failures="0" tests="3" name="ViewListProducts" time="28.010" errors="1" timestamp="2020-12-07T22:57:08 ICT" skipped="1">
  <testcase classname="ViewListProducts" name="accessWebsite" time="25.405">
    <error message="session not created
from chrome not reachable
  (Session info: chrome=87.0.4280.88)
Build info: version: &#039;3.141.59&#039;, revision: &#039;e82be7d358&#039;, time: &#039;2018-11-14T08:25:48&#039;
System info: host: &#039;SS4EVA-0805&#039;, ip: &#039;172.16.0.2&#039;, os.name: &#039;Windows 10&#039;, os.arch: &#039;amd64&#039;, os.version: &#039;10.0&#039;, java.version: &#039;15&#039;
Driver info: driver.version: ChromeDriver
remote stacktrace: Backtrace:
	Ordinal0 [0x0120ECE3+3337443]
	Ordinal0 [0x010EF041+2158657]
	Ordinal0 [0x00F76E50+618064]
	Ordinal0 [0x00F6D114+577812]
	Ordinal0 [0x00F6D7DB+579547]
	Ordinal0 [0x00F6EA45+584261]
	Ordinal0 [0x00F69A71+563825]
	Ordinal0 [0x00F77FD0+622544]
	Ordinal0 [0x00F16B2D+224045]
	Ordinal0 [0x00F15BFC+220156]
	Ordinal0 [0x00F1181B+202779]
	Ordinal0 [0x00EF3D74+81268]
	Ordinal0 [0x00EF4D6E+85358]
	Ordinal0 [0x00EF4CF9+85241]
	Ordinal0 [0x01106F2C+2256684]
	GetHandleVerifier [0x01392FAC+1478332]
	GetHandleVerifier [0x01392AFD+1477133]
	GetHandleVerifier [0x0139AAD8+1509864]
	GetHandleVerifier [0x0139369E+1480110]
	Ordinal0 [0x010FD6BD+2217661]
	Ordinal0 [0x011089AB+2263467]
	Ordinal0 [0x01108AEF+2263791]
	Ordinal0 [0x0111D363+2347875]
	BaseThreadInitThunk [0x77A0FA29+25]
	RtlGetAppContainerNamedObjectPath [0x77C275F4+228]
	RtlGetAppContainerNamedObjectPath [0x77C275C4+180]
" type="org.openqa.selenium.SessionNotCreatedException">
      <![CDATA[org.openqa.selenium.SessionNotCreatedException: session not created
from chrome not reachable
  (Session info: chrome=87.0.4280.88)
Build info: version: '3.141.59', revision: 'e82be7d358', time: '2018-11-14T08:25:48'
System info: host: 'SS4EVA-0805', ip: '172.16.0.2', os.name: 'Windows 10', os.arch: 'amd64', os.version: '10.0', java.version: '15'
Driver info: driver.version: ChromeDriver
remote stacktrace: Backtrace:
Ordinal0 [0x0120ECE3+3337443]
Ordinal0 [0x010EF041+2158657]
Ordinal0 [0x00F76E50+618064]
Ordinal0 [0x00F6D114+577812]
Ordinal0 [0x00F6D7DB+579547]
Ordinal0 [0x00F6EA45+584261]
Ordinal0 [0x00F69A71+563825]
Ordinal0 [0x00F77FD0+622544]
Ordinal0 [0x00F16B2D+224045]
Ordinal0 [0x00F15BFC+220156]
Ordinal0 [0x00F1181B+202779]
Ordinal0 [0x00EF3D74+81268]
Ordinal0 [0x00EF4D6E+85358]
Ordinal0 [0x00EF4CF9+85241]
Ordinal0 [0x01106F2C+2256684]
GetHandleVerifier [0x01392FAC+1478332]
GetHandleVerifier [0x01392AFD+1477133]
GetHandleVerifier [0x0139AAD8+1509864]
GetHandleVerifier [0x0139369E+1480110]
Ordinal0 [0x010FD6BD+2217661]
Ordinal0 [0x011089AB+2263467]
Ordinal0 [0x01108AEF+2263791]
Ordinal0 [0x0111D363+2347875]
BaseThreadInitThunk [0x77A0FA29+25]
RtlGetAppContainerNamedObjectPath [0x77C275F4+228]
RtlGetAppContainerNamedObjectPath [0x77C275C4+180]

at java.base/jdk.internal.reflect.NativeConstructorAccessorImpl.newInstance0(Native Method)
at java.base/jdk.internal.reflect.NativeConstructorAccessorImpl.newInstance(NativeConstructorAccessorImpl.java:64)
at java.base/jdk.internal.reflect.DelegatingConstructorAccessorImpl.newInstance(DelegatingConstructorAccessorImpl.java:45)
at java.base/java.lang.reflect.Constructor.newInstanceWithCaller(Constructor.java:500)
at java.base/java.lang.reflect.Constructor.newInstance(Constructor.java:481)
at org.openqa.selenium.remote.W3CHandshakeResponse.lambda$errorHandler$0(W3CHandshakeResponse.java:62)
at org.openqa.selenium.remote.HandshakeResponse.lambda$getResponseFunction$0(HandshakeResponse.java:30)
at org.openqa.selenium.remote.ProtocolHandshake.lambda$createSession$0(ProtocolHandshake.java:126)
at java.base/java.util.stream.ReferencePipeline$3$1.accept(ReferencePipeline.java:195)
at java.base/java.util.Spliterators$ArraySpliterator.tryAdvance(Spliterators.java:958)
at java.base/java.util.stream.ReferencePipeline.forEachWithCancel(ReferencePipeline.java:127)
at java.base/java.util.stream.AbstractPipeline.copyIntoWithCancel(AbstractPipeline.java:502)
at java.base/java.util.stream.AbstractPipeline.copyInto(AbstractPipeline.java:488)
at java.base/java.util.stream.AbstractPipeline.wrapAndCopyInto(AbstractPipeline.java:474)
at java.base/java.util.stream.FindOps$FindOp.evaluateSequential(FindOps.java:150)
at java.base/java.util.stream.AbstractPipeline.evaluate(AbstractPipeline.java:234)
at java.base/java.util.stream.ReferencePipeline.findFirst(ReferencePipeline.java:543)
at org.openqa.selenium.remote.ProtocolHandshake.createSession(ProtocolHandshake.java:128)
at org.openqa.selenium.remote.ProtocolHandshake.createSession(ProtocolHandshake.java:74)
at org.openqa.selenium.remote.HttpCommandExecutor.execute(HttpCommandExecutor.java:136)
at org.openqa.selenium.remote.service.DriverCommandExecutor.execute(DriverCommandExecutor.java:83)
at org.openqa.selenium.remote.RemoteWebDriver.execute(RemoteWebDriver.java:552)
at org.openqa.selenium.remote.RemoteWebDriver.startSession(RemoteWebDriver.java:213)
at org.openqa.selenium.remote.RemoteWebDriver.<init>(RemoteWebDriver.java:131)
at org.openqa.selenium.chrome.ChromeDriver.<init>(ChromeDriver.java:181)
at org.openqa.selenium.chrome.ChromeDriver.<init>(ChromeDriver.java:168)
at org.openqa.selenium.chrome.ChromeDriver.<init>(ChromeDriver.java:123)
at AbstractBOT.accessWebsite(AbstractBOT.java:17)
at java.base/jdk.internal.reflect.NativeMethodAccessorImpl.invoke0(Native Method)
at java.base/jdk.internal.reflect.NativeMethodAccessorImpl.invoke(NativeMethodAccessorImpl.java:64)
at java.base/jdk.internal.reflect.DelegatingMethodAccessorImpl.invoke(DelegatingMethodAccessorImpl.java:43)
at java.base/java.lang.reflect.Method.invoke(Method.java:564)
at org.testng.internal.MethodInvocationHelper.invokeMethod(MethodInvocationHelper.java:132)
at org.testng.internal.MethodInvocationHelper.invokeMethodConsideringTimeout(MethodInvocationHelper.java:61)
at org.testng.internal.ConfigInvoker.invokeConfigurationMethod(ConfigInvoker.java:366)
at org.testng.internal.ConfigInvoker.invokeConfigurations(ConfigInvoker.java:320)
at org.testng.internal.TestInvoker.runConfigMethods(TestInvoker.java:701)
at org.testng.internal.TestInvoker.invokeMethod(TestInvoker.java:527)
at org.testng.internal.TestInvoker.invokeTestMethod(TestInvoker.java:174)
at org.testng.internal.MethodRunner.runInSequence(MethodRunner.java:46)
at org.testng.internal.TestInvoker$MethodInvocationAgent.invoke(TestInvoker.java:822)
at org.testng.internal.TestInvoker.invokeTestMethods(TestInvoker.java:147)
at org.testng.internal.TestMethodWorker.invokeTestMethods(TestMethodWorker.java:146)
at org.testng.internal.TestMethodWorker.run(TestMethodWorker.java:128)
at java.base/java.util.ArrayList.forEach(ArrayList.java:1511)
at org.testng.TestRunner.privateRun(TestRunner.java:764)
at org.testng.TestRunner.run(TestRunner.java:585)
at org.testng.SuiteRunner.runTest(SuiteRunner.java:384)
at org.testng.SuiteRunner.runSequentially(SuiteRunner.java:378)
at org.testng.SuiteRunner.privateRun(SuiteRunner.java:337)
at org.testng.SuiteRunner.run(SuiteRunner.java:286)
at org.testng.SuiteRunnerWorker.runSuite(SuiteRunnerWorker.java:53)
at org.testng.SuiteRunnerWorker.run(SuiteRunnerWorker.java:96)
at org.testng.TestNG.runSuitesSequentially(TestNG.java:1218)
at org.testng.TestNG.runSuitesLocally(TestNG.java:1140)
at org.testng.TestNG.runSuites(TestNG.java:1069)
at org.testng.TestNG.run(TestNG.java:1037)
at org.testng.remote.AbstractRemoteTestNG.run(AbstractRemoteTestNG.java:115)
at org.testng.remote.RemoteTestNG.initAndRun(RemoteTestNG.java:251)
at org.testng.remote.RemoteTestNG.main(RemoteTestNG.java:77)
]]>
    </error>
  </testcase> <!-- accessWebsite -->
  <system-out/>
  <testcase classname="ViewListProducts" name="ShowAllProduct" time="2.605"/>
  <system-out/>
  <testcase classname="ViewListProducts" name="ShowAllProductOfBrand" time="0.000">
    <skipped/>
  </testcase> <!-- ShowAllProductOfBrand -->
  <system-out/>
</testsuite> <!-- ViewListProducts -->
