<?xml version="1.0" encoding="UTF-8"?>
<!-- Generated by org.testng.reporters.JUnitReportReporter -->
<testsuite hostname="dawn" failures="0" tests="7" name="TestCases.ChooseReceivedPlace" time="181.462" errors="0" timestamp="2020-12-25T15:28:17 ICT" skipped="0">
  <testcase classname="TestCases.ChooseReceivedPlace" name="testMainSFWithFullInfor" time="26.341"/>
  <system-out/>
  <testcase classname="TestCases.ChooseReceivedPlace" name="testSuccessWithOnlyProvince" time="22.907"/>
  <system-out/>
  <testcase classname="TestCases.ChooseReceivedPlace" name="testSuccessWithoutFillTextboxAddress" time="29.172"/>
  <system-out/>
  <testcase classname="TestCases.ChooseReceivedPlace" name="testFailWithoutChooseWard" time="22.327"/>
  <system-out/>
  <testcase classname="TestCases.ChooseReceivedPlace" name="testSuccessUpdateWithOnlyProvinceSubmitBefor" time="30.052"/>
  <system-out/>
  <testcase classname="TestCases.ChooseReceivedPlace" name="testSuccessUpdateByClickOnButonChange" time="23.055"/>
  <system-out/>
  <testcase classname="TestCases.ChooseReceivedPlace" name="testSuccessUpdateByClickOnDropBoxProvince" time="27.608"/>
  <system-out/>
</testsuite> <!-- TestCases.ChooseReceivedPlace -->
