<?xml version="1.0" encoding="UTF-8"?>
<!-- Generated by org.testng.reporters.JUnitReportReporter -->
<testsuite hostname="DESKTOP-IRHMPCR" failures="0" tests="1" name="com.dienmayxanh.testcases.LogIn" time="10.024" errors="0" timestamp="2020-12-07T13:19:43 ICT" skipped="0">
  <testcase classname="com.dienmayxanh.testcases.LogIn" name="NhapSDTChuaChuCai" time="10.024"/>
  <system-out/>
</testsuite> <!-- com.dienmayxanh.testcases.LogIn -->
