<?xml version="1.0" encoding="UTF-8"?>
<!-- Generated by org.testng.reporters.JUnitReportReporter -->
<testsuite hostname="DESKTOP-IRHMPCR" failures="0" tests="1" name="com.dienmayxanh.testcases.ViewProductThroughList" time="12.093" errors="0" timestamp="2020-12-06T19:03:13 ICT" skipped="0">
  <testcase classname="com.dienmayxanh.testcases.ViewProductThroughList" name="testSuccessViewProductByList" time="12.093"/>
  <system-out/>
</testsuite> <!-- com.dienmayxanh.testcases.ViewProductThroughList -->
