<?xml version="1.0" encoding="UTF-8"?>
<!-- Generated by org.testng.reporters.JUnitReportReporter -->
<testsuite hostname="dawn" failures="0" tests="1" name="TestCases.ViewProductThroughList" time="23.158" errors="0" timestamp="2020-12-15T10:58:21 ICT" skipped="0">
  <testcase classname="TestCases.ViewProductThroughList" name="testSuccessViewProductByList" time="23.158"/>
  <system-out/>
</testsuite> <!-- TestCases.ViewProductThroughList -->
