<?xml version="1.0" encoding="UTF-8"?>
<!-- Generated by org.testng.reporters.JUnitReportReporter -->
<testsuite hostname="DESKTOP-IRHMPCR" failures="0" tests="2" name="com.dienmayxanh.test.Comment" time="531.917" errors="0" timestamp="2020-12-25T10:55:18 ICT" skipped="0">
  <testcase classname="com.dienmayxanh.test.Comment" name="CommentUnsuccessfullyWithError" time="470.102"/>
  <system-out/>
  <testcase classname="com.dienmayxanh.test.Comment" name="CommentUnsuccessfullyWithAlert" time="61.815"/>
  <system-out/>
</testsuite> <!-- com.dienmayxanh.test.Comment -->
