<?xml version="1.0" encoding="UTF-8"?>
<!-- Generated by org.testng.reporters.JUnitReportReporter -->
<testsuite hostname="DESKTOP-IRHMPCR" failures="0" tests="3" name="com.dienmayxanh.test.ViewListProducts" time="64.821" errors="0" timestamp="2020-12-14T12:32:21 ICT" skipped="0">
  <testcase classname="com.dienmayxanh.test.ViewListProducts" name="testViewWithSortPriceDescending" time="22.841"/>
  <system-out/>
  <testcase classname="com.dienmayxanh.test.ViewListProducts" name="testViewWithSortPriceAscending" time="22.154"/>
  <system-out/>
  <testcase classname="com.dienmayxanh.test.ViewListProducts" name="testQuantity" time="19.826"/>
  <system-out/>
</testsuite> <!-- com.dienmayxanh.test.ViewListProducts -->
