<?xml version="1.0" encoding="UTF-8"?>
<!-- Generated by org.testng.reporters.JUnitReportReporter -->
<testsuite hostname="DESKTOP-L3BED2A" failures="0" tests="4" name="testcase.LogIn" time="72.181" errors="0" timestamp="2021-01-14T12:20:05 ICT" skipped="0">
  <testcase classname="testcase.LogIn" name="testLoginWithWrongFormatPhoneNumber" time="10.224"/>
  <system-out/>
  <testcase classname="testcase.LogIn" name="testLoginWithWrongOTP" time="15.738"/>
  <system-out/>
  <testcase classname="testcase.LogIn" name="testNoticeOfResendingOTP" time="41.309"/>
  <system-out/>
  <testcase classname="testcase.LogIn" name="testTitle" time="4.910"/>
  <system-out/>
</testsuite> <!-- testcase.LogIn -->
