<?xml version="1.0" encoding="UTF-8"?>
<!-- Generated by org.testng.reporters.JUnitReportReporter -->
<testsuite hostname="DESKTOP-IRHMPCR" failures="0" tests="5" name="com.dienmayxanh.test.Comment" time="77.798" errors="0" timestamp="2020-12-14T12:32:21 ICT" skipped="0">
  <testcase classname="com.dienmayxanh.test.Comment" name="testWithoutCommentContent" time="14.900"/>
  <system-out/>
  <testcase classname="com.dienmayxanh.test.Comment" name="testOnlySpaceCommentContent" time="16.397"/>
  <system-out/>
  <testcase classname="com.dienmayxanh.test.Comment" name="testWithoutName" time="14.960"/>
  <system-out/>
  <testcase classname="com.dienmayxanh.test.Comment" name="testOnlySpaceName" time="15.080"/>
  <system-out/>
  <testcase classname="com.dienmayxanh.test.Comment" name="testContentCommentIsLessThan10Characters" time="16.461"/>
  <system-out/>
</testsuite> <!-- com.dienmayxanh.test.Comment -->
