<?xml version="1.0" encoding="UTF-8"?>
<!-- Generated by org.testng.reporters.JUnitReportReporter -->
<testsuite hostname="DESKTOP-IRHMPCR" failures="0" tests="1" name="com.dienmayxanh.test.Link" time="18.722" errors="0" timestamp="2021-01-16T03:53:20 ICT" skipped="0">
  <testcase classname="com.dienmayxanh.test.Link" name="testLink" time="18.722"/>
  <system-out/>
</testsuite> <!-- com.dienmayxanh.test.Link -->
