<?xml version="1.0" encoding="UTF-8"?>
<!-- Generated by org.testng.reporters.JUnitReportReporter -->
<testsuite hostname="DESKTOP-IRHMPCR" failures="0" tests="5" name="com.dienmayxanh.testcases.Comment" time="121.683" errors="0" timestamp="2020-12-07T17:42:13 ICT" skipped="0">
  <testcase classname="com.dienmayxanh.testcases.Comment" name="testWithoutCommentContent" time="23.952"/>
  <system-out/>
  <testcase classname="com.dienmayxanh.testcases.Comment" name="testOnlySpaceCommentContent" time="23.425"/>
  <system-out/>
  <testcase classname="com.dienmayxanh.testcases.Comment" name="testWithoutName" time="24.857"/>
  <system-out/>
  <testcase classname="com.dienmayxanh.testcases.Comment" name="testOnlySpaceName" time="25.593"/>
  <system-out/>
  <testcase classname="com.dienmayxanh.testcases.Comment" name="testContentCommentIsLessThan10Characters" time="23.856"/>
  <system-out/>
</testsuite> <!-- com.dienmayxanh.testcases.Comment -->
