<?xml version="1.0" encoding="UTF-8"?>
<!-- Generated by org.testng.reporters.JUnitReportReporter -->
<testsuite hostname="dawn" failures="0" tests="1" name="com.dienmayxanh.test.Link" time="19.571" errors="0" timestamp="2021-01-16T02:05:19 ICT" skipped="0">
  <testcase classname="com.dienmayxanh.test.Link" name="testLink" time="19.571"/>
  <system-out/>
</testsuite> <!-- com.dienmayxanh.test.Link -->
