<?xml version="1.0" encoding="UTF-8"?>
<!-- Generated by org.testng.reporters.JUnitReportReporter -->
<testsuite hostname="SS4EVA-0805" failures="0" tests="2" name="ViewListProducts" time="16.451" errors="0" timestamp="2020-12-13T22:47:05 ICT" skipped="0">
  <testcase classname="ViewListProducts" name="ShowAllProduct" time="7.706"/>
  <system-out/>
  <testcase classname="ViewListProducts" name="ShowAllProductOfBrand" time="8.745"/>
  <system-out/>
</testsuite> <!-- ViewListProducts -->
