<?xml version="1.0" encoding="UTF-8"?>
<!-- Generated by org.testng.reporters.JUnitReportReporter -->
<testsuite hostname="SS4EVA-0805" failures="0" tests="2" name="ViewListProducts" time="34.976" errors="0" timestamp="2020-12-15T19:23:45 ICT" skipped="0">
  <testcase classname="ViewListProducts" name="testShowAllProduct" time="13.784"/>
  <system-out/>
  <testcase classname="ViewListProducts" name="testShowAllProductOfBrand" time="21.192"/>
  <system-out/>
</testsuite> <!-- ViewListProducts -->
