<?xml version="1.0" encoding="UTF-8"?>
<!-- Generated by org.testng.reporters.JUnitReportReporter -->
<testsuite hostname="DESKTOP-IRHMPCR" failures="0" tests="1" name="ViewProductThroughList" time="27.504" errors="0" timestamp="2020-11-24T18:40:40 ICT" skipped="0">
  <testcase classname="ViewProductThroughList" name="testSuccessViewProductByList" time="27.504"/>
  <system-out/>
</testsuite> <!-- ViewProductThroughList -->
