<?xml version="1.0" encoding="UTF-8"?>
<!-- Generated by org.testng.reporters.JUnitReportReporter -->
<testsuite hostname="dawn" failures="0" tests="7" name="TestCases.ChooseReceivedPlace" time="99.444" errors="0" timestamp="2020-12-20T13:13:56 ICT" skipped="0">
  <testcase classname="TestCases.ChooseReceivedPlace" name="testMainSFWithFullInfor" time="11.306"/>
  <system-out/>
  <testcase classname="TestCases.ChooseReceivedPlace" name="testSuccessWithOnlyProvince" time="11.071"/>
  <system-out/>
  <testcase classname="TestCases.ChooseReceivedPlace" name="testSuccessWithoutFillTextboxAddress" time="14.960"/>
  <system-out/>
  <testcase classname="TestCases.ChooseReceivedPlace" name="testFailWithoutChooseWard" time="11.575"/>
  <system-out/>
  <testcase classname="TestCases.ChooseReceivedPlace" name="testSuccessUpdateWithOnlyProvinceSubmitBefor" time="14.195"/>
  <system-out/>
  <testcase classname="TestCases.ChooseReceivedPlace" name="testSuccessUpdateByClickOnButonChange" time="17.851"/>
  <system-out/>
  <testcase classname="TestCases.ChooseReceivedPlace" name="testSuccessUpdateByClickOnDropBoxProvince" time="18.486"/>
  <system-out/>
</testsuite> <!-- TestCases.ChooseReceivedPlace -->
