<?xml version="1.0" encoding="UTF-8"?>
<!-- Generated by org.testng.reporters.JUnitReportReporter -->
<testsuite hostname="DESKTOP-IRHMPCR" failures="0" tests="9" name="com.dienmayxanh.testcases.Contact" time="65.616" errors="0" timestamp="2020-12-06T19:03:13 ICT" skipped="0">
  <testcase classname="com.dienmayxanh.testcases.Contact" name="NhapEmailkhonghople" time="8.572"/>
  <system-out/>
  <testcase classname="com.dienmayxanh.testcases.Contact" name="NhapkytudacbiettruongSDT" time="4.989"/>
  <system-out/>
  <testcase classname="com.dienmayxanh.testcases.Contact" name="BotrongtruongHvT" time="5.345"/>
  <system-out/>
  <testcase classname="com.dienmayxanh.testcases.Contact" name="NhapkytudacbietvaotruongEmail" time="4.643"/>
  <system-out/>
  <testcase classname="com.dienmayxanh.testcases.Contact" name="SDTkhonghople" time="8.884"/>
  <system-out/>
  <testcase classname="com.dienmayxanh.testcases.Contact" name="SaiTruongSDT" time="9.392"/>
  <system-out/>
  <testcase classname="com.dienmayxanh.testcases.Contact" name="Lienhethanhcong" time="9.164"/>
  <system-out/>
  <testcase classname="com.dienmayxanh.testcases.Contact" name="Chuachongioitinh" time="4.364"/>
  <system-out/>
  <testcase classname="com.dienmayxanh.testcases.Contact" name="NhapchuhoavaotruognEmail" time="10.263"/>
  <system-out/>
</testsuite> <!-- com.dienmayxanh.testcases.Contact -->
