<?xml version="1.0" encoding="UTF-8"?>
<!-- Generated by org.testng.reporters.JUnitReportReporter -->
<testsuite hostname="DESKTOP-IRHMPCR" failures="0" tests="13" name="LogIn" time="167.960" errors="0" timestamp="2020-11-24T18:33:35 ICT" skipped="0">
  <testcase classname="LogIn" name="NhapKhongDuSo" time="10.078"/>
  <system-out/>
  <testcase classname="LogIn" name="TestTitle" time="10.665"/>
  <system-out/>
  <testcase classname="LogIn" name="OTPChuaChuCai" time="9.959"/>
  <system-out/>
  <testcase classname="LogIn" name="NhapSDTChuaChuCai" time="8.863"/>
  <system-out/>
  <testcase classname="LogIn" name="OTPNhapKhoangTrang" time="10.056"/>
  <system-out/>
  <testcase classname="LogIn" name="NhapSaiMaOTP" time="10.720"/>
  <system-out/>
  <testcase classname="LogIn" name="SaiSDT" time="8.885"/>
  <system-out/>
  <testcase classname="LogIn" name="KhongNhapSDT" time="9.421"/>
  <system-out/>
  <testcase classname="LogIn" name="BoTrongOTP" time="15.113"/>
  <system-out/>
  <testcase classname="LogIn" name="ChuaKiTuDacBiet" time="9.766"/>
  <system-out/>
  <testcase classname="LogIn" name="OTPChuaKiTuDacBiet" time="9.942"/>
  <system-out/>
  <testcase classname="LogIn" name="NhapKhoangTrang" time="10.488"/>
  <system-out/>
  <testcase classname="LogIn" name="ThongBaoGuiLaiMa" time="44.004"/>
  <system-out/>
</testsuite> <!-- LogIn -->
