<?xml version="1.0" encoding="UTF-8"?>
<!-- Generated by org.testng.reporters.JUnitReportReporter -->
<testsuite hostname="dawn" failures="0" tests="1" name="Pages.DMXViewProductThroughList" time="33.842" errors="0" timestamp="2020-12-25T09:52:36 ICT" skipped="0">
  <testcase classname="Pages.DMXViewProductThroughList" name="testSuccessViewProductByList" time="33.842"/>
  <system-out/>
</testsuite> <!-- Pages.DMXViewProductThroughList -->
