<?xml version="1.0" encoding="UTF-8"?>
<!-- Generated by org.testng.reporters.JUnitReportReporter -->
<testsuite hostname="DESKTOP-L3BED2A" failures="0" tests="5" name="testcase.Link" time="13.848" errors="0" timestamp="2020-12-15T15:01:42 ICT" skipped="0">
  <testcase classname="testcase.Link" name="testLinkFacebook" time="4.028"/>
  <system-out/>
  <testcase classname="testcase.Link" name="testLinkYoutube" time="3.083"/>
  <system-out/>
  <testcase classname="testcase.Link" name="testLinkMaiAm" time="2.244"/>
  <system-out/>
  <testcase classname="testcase.Link" name="testLinkTgdd" time="2.257"/>
  <system-out/>
  <testcase classname="testcase.Link" name="testLinkBachhoaXanh" time="2.236"/>
  <system-out/>
</testsuite> <!-- testcase.Link -->
