<?xml version="1.0" encoding="UTF-8"?>
<!-- Generated by org.testng.reporters.JUnitReportReporter -->
<testsuite hostname="DESKTOP-L3BED2A" failures="0" tests="1" name="testcase.Link" time="13.786" errors="0" timestamp="2021-01-14T12:20:05 ICT" skipped="0">
  <testcase classname="testcase.Link" name="testLink" time="13.786"/>
  <system-out/>
</testsuite> <!-- testcase.Link -->
