<?xml version="1.0" encoding="UTF-8"?>
<!-- Generated by org.testng.reporters.JUnitReportReporter -->
<testsuite hostname="DESKTOP-IRHMPCR" failures="0" tests="4" name="com.dienmayxanh.test.LogIn" time="79.094" errors="0" timestamp="2021-01-16T03:53:20 ICT" skipped="0">
  <testcase classname="com.dienmayxanh.test.LogIn" name="testLoginWithWrongFormatPhoneNumber" time="10.590"/>
  <system-out/>
  <testcase classname="com.dienmayxanh.test.LogIn" name="testLoginWithWrongOTP" time="20.284"/>
  <system-out/>
  <testcase classname="com.dienmayxanh.test.LogIn" name="testNoticeOfResendingOTP" time="41.591"/>
  <system-out/>
  <testcase classname="com.dienmayxanh.test.LogIn" name="testTitle" time="6.629"/>
  <system-out/>
</testsuite> <!-- com.dienmayxanh.test.LogIn -->
